<?xml version="1.0" encoding="UTF-8"?>
<testng-results ignored="0" total="1" passed="1" failed="0" skipped="0">
  <reporter-output>
  </reporter-output>
  <suite started-at="2023-03-28T13:04:52 IST" name="Suite" finished-at="2023-03-28T13:04:52 IST" duration-ms="44">
    <groups>
    </groups>
    <test started-at="2023-03-28T13:04:52 IST" name="Test" finished-at="2023-03-28T13:04:52 IST" duration-ms="44">
      <class name="sample.SampleClass">
        <test-method signature="TestingJenkinsExecution()[pri:0, instance:sample.SampleClass@17d2b075]" started-at="2023-03-28T13:04:52 IST" name="TestingJenkinsExecution" finished-at="2023-03-28T13:04:52 IST" duration-ms="23" status="PASS">
          <reporter-output>
          </reporter-output>
        </test-method> <!-- TestingJenkinsExecution -->
      </class> <!-- sample.SampleClass -->
    </test> <!-- Test -->
  </suite> <!-- Suite -->
</testng-results>
