<?xml version="1.0" encoding="UTF-8"?>
<testng-results ignored="0" total="1" passed="1" failed="0" skipped="0">
  <reporter-output>
  </reporter-output>
  <suite started-at="2023-03-28T12:18:00 IST" name="Default suite" finished-at="2023-03-28T12:18:00 IST" duration-ms="75">
    <groups>
    </groups>
    <test started-at="2023-03-28T12:18:00 IST" name="Default test" finished-at="2023-03-28T12:18:00 IST" duration-ms="75">
      <class name="sample.SampleClass">
        <test-method signature="TestingJenkinsExecution()[pri:0, instance:sample.SampleClass@29d89d5d]" started-at="2023-03-28T12:18:00 IST" name="TestingJenkinsExecution" finished-at="2023-03-28T12:18:00 IST" duration-ms="37" status="PASS">
          <reporter-output>
          </reporter-output>
        </test-method> <!-- TestingJenkinsExecution -->
      </class> <!-- sample.SampleClass -->
    </test> <!-- Default test -->
  </suite> <!-- Default suite -->
</testng-results>
